<?xml version="1.0" encoding="UTF-8"?>
<!-- Generated by org.testng.reporters.JUnitReportReporter -->
<testsuite skipped="0" hostname="ADMINRG-8T4ONGU" name="pl.pracawregionie.tests.Test2RegisterEmployer" tests="5" failures="0" timestamp="27 cze 2017 17:05:45 GMT" time="27.617" errors="0">
  <testcase name="openMainPage" time="0.028" classname="pl.pracawregionie.tests.Test2RegisterEmployer"/>
  <testcase name="navigationToRegisterNewEmployerPage" time="1.654" classname="pl.pracawregionie.tests.Test2RegisterEmployer"/>
  <testcase name="registerNewEmployer" time="8.147" classname="pl.pracawregionie.tests.Test2RegisterEmployer"/>
  <testcase name="loginToEmailAccountAndConfirmRegistration" time="13.031" classname="pl.pracawregionie.tests.Test2RegisterEmployer"/>
  <testcase name="loginToAccount" time="4.757" classname="pl.pracawregionie.tests.Test2RegisterEmployer"/>
</testsuite> <!-- pl.pracawregionie.tests.Test2RegisterEmployer -->
