<?xml version="1.0" encoding="UTF-8"?>
<!-- Generated by org.testng.reporters.JUnitReportReporter -->
<testsuite skipped="0" hostname="ADMINRG-8T4ONGU" name="pl.pracawregionie.tests.Test1RegisterUser" tests="5" failures="0" timestamp="27 cze 2017 17:02:05 GMT" time="22.687" errors="0">
  <testcase name="openMainPage" time="0.025" classname="pl.pracawregionie.tests.Test1RegisterUser"/>
  <testcase name="navigationToRegisterNewUserPage" time="1.482" classname="pl.pracawregionie.tests.Test1RegisterUser"/>
  <testcase name="registerNewUser" time="4.775" classname="pl.pracawregionie.tests.Test1RegisterUser"/>
  <testcase name="loginToEmailAccountAndConfirmRegistration" time="11.673" classname="pl.pracawregionie.tests.Test1RegisterUser"/>
  <testcase name="loginToAccount" time="4.732" classname="pl.pracawregionie.tests.Test1RegisterUser"/>
</testsuite> <!-- pl.pracawregionie.tests.Test1RegisterUser -->
