<?xml version="1.0" encoding="UTF-8"?>
<!-- Generated by org.testng.reporters.JUnitReportReporter -->
<testsuite skipped="0" hostname="ADMINRG-8T4ONGU" name="pl.pracawregionie.tests.Test2RegisterUser" tests="1" failures="0" timestamp="22 cze 2017 16:34:04 GMT" time="0.002" errors="0">
  <testcase name="registerNewUser" time="0.002" classname="pl.pracawregionie.tests.Test2RegisterUser"/>
</testsuite> <!-- pl.pracawregionie.tests.Test2RegisterUser -->
