<?xml version="1.0" encoding="UTF-8"?>
<!-- Generated by org.testng.reporters.JUnitReportReporter -->
<testsuite skipped="0" hostname="ADMINRG-8T4ONGU" name="pl.pracawregionie.tests.Test2RegisterEmployer" tests="3" failures="0" timestamp="25 cze 2017 20:09:27 GMT" time="10.250" errors="0">
  <testcase name="openMainPage" time="0.039" classname="pl.pracawregionie.tests.Test2RegisterEmployer"/>
  <testcase name="navigationToRegisterNewEmployerPage" time="1.313" classname="pl.pracawregionie.tests.Test2RegisterEmployer"/>
  <testcase name="registerNewEmployer" time="8.898" classname="pl.pracawregionie.tests.Test2RegisterEmployer"/>
</testsuite> <!-- pl.pracawregionie.tests.Test2RegisterEmployer -->
