<?xml version="1.0" encoding="UTF-8"?>
<!-- Generated by org.testng.reporters.JUnitReportReporter -->
<testsuite skipped="0" hostname="ADMINRG-8T4ONGU" name="pl.pracawregionie.tests.Test1MainPage" tests="1" failures="0" timestamp="22 cze 2017 16:34:04 GMT" time="0.043" errors="0">
  <testcase name="openMainPage" time="0.043" classname="pl.pracawregionie.tests.Test1MainPage"/>
</testsuite> <!-- pl.pracawregionie.tests.Test1MainPage -->
